 
Disk quotas for user ckwan1 (uid 5930): 
     Filesystem   space   quota   limit   grace   files   quota   limit   grace
      /dev/sda1  39761M    100G    110G            140k       0       0        
 
/home/user/ckwan1/.conda/envs/d3m/lib/python3.12/site-packages/torch/cuda/__init__.py:716: UserWarning: Can't initialize NVML
  warnings.warn("Can't initialize NVML")
GPU available: True (cuda), used: True
TPU available: False, using: 0 TPU cores
HPU available: False, using: 0 HPUs
You are using a CUDA device ('NVIDIA RTX A6000') that has Tensor Cores. To properly utilize them, you should set `torch.set_float32_matmul_precision('medium' | 'high')` which will trade-off precision for performance. For more details, read https://pytorch.org/docs/stable/generated/torch.set_float32_matmul_precision.html#torch.set_float32_matmul_precision
wandb: Using wandb-core as the SDK backend. Please refer to https://wandb.me/wandb-core for more information.
wandb: Currently logged in as: brianwan221 (brianwan221-the-chinese-university-of-hong-kong). Use `wandb login --relogin` to force relogin
wandb: WARNING Path ./wandb_logs/wandb/ wasn't writable, using system temp directory.
wandb: Tracking run with wandb version 0.18.3
wandb: Run data is saved locally in /tmp/wandb/run-20241031_142756-iumgpgj7
wandb: Run `wandb offline` to turn off syncing.
wandb: Syncing run uncanny-specter-66
wandb: ⭐️ View project at https://wandb.ai/brianwan221-the-chinese-university-of-hong-kong/fyp
wandb: 🚀 View run at https://wandb.ai/brianwan221-the-chinese-university-of-hong-kong/fyp/runs/iumgpgj7
LOCAL_RANK: 0 - CUDA_VISIBLE_DEVICES: [2]

  | Name      | Type         | Params | Mode 
---------------------------------------------------
0 | model     | Lpt2NbodyNet | 8.4 M  | train
1 | criterion | MSELoss      | 0      | train
---------------------------------------------------
8.4 M     Trainable params
0         Non-trainable params
8.4 M     Total params
33.664    Total estimated model params size (MB)
62        Modules in train mode
0         Modules in eval mode
SLURM auto-requeueing enabled. Setting signal handlers.
Exception in thread Thread-5 (_pin_memory_loop):
Traceback (most recent call last):
  File "/home/user/ckwan1/.conda/envs/d3m/lib/python3.12/threading.py", line 1073, in _bootstrap_inner
    self.run()
  File "/home/user/ckwan1/.conda/envs/d3m/lib/python3.12/threading.py", line 1010, in run
    self._target(*self._args, **self._kwargs)
  File "/home/user/ckwan1/.conda/envs/d3m/lib/python3.12/site-packages/torch/utils/data/_utils/pin_memory.py", line 59, in _pin_memory_loop
    do_one_step()
  File "/home/user/ckwan1/.conda/envs/d3m/lib/python3.12/site-packages/torch/utils/data/_utils/pin_memory.py", line 35, in do_one_step
    r = in_queue.get(timeout=MP_STATUS_CHECK_INTERVAL)
        ^^^^^^^^^^^^^^^^^^^^^^^^^^^^^^^^^^^^^^^^^^^^^^
  File "/home/user/ckwan1/.conda/envs/d3m/lib/python3.12/multiprocessing/queues.py", line 122, in get
    return _ForkingPickler.loads(res)
           ^^^^^^^^^^^^^^^^^^^^^^^^^^
  File "/home/user/ckwan1/.conda/envs/d3m/lib/python3.12/site-packages/torch/multiprocessing/reductions.py", line 541, in rebuild_storage_fd
    fd = df.detach()
         ^^^^^^^^^^^
  File "/home/user/ckwan1/.conda/envs/d3m/lib/python3.12/multiprocessing/resource_sharer.py", line 57, in detach
    with _resource_sharer.get_connection(self._id) as conn:
         ^^^^^^^^^^^^^^^^^^^^^^^^^^^^^^^^^^^^^^^^^
  File "/home/user/ckwan1/.conda/envs/d3m/lib/python3.12/multiprocessing/resource_sharer.py", line 86, in get_connection
    c = Client(address, authkey=process.current_process().authkey)
        ^^^^^^^^^^^^^^^^^^^^^^^^^^^^^^^^^^^^^^^^^^^^^^^^^^^^^^^^^^
  File "/home/user/ckwan1/.conda/envs/d3m/lib/python3.12/multiprocessing/connection.py", line 524, in Client
    answer_challenge(c, authkey)
  File "/home/user/ckwan1/.conda/envs/d3m/lib/python3.12/multiprocessing/connection.py", line 952, in answer_challenge
    message = connection.recv_bytes(256)         # reject large message
              ^^^^^^^^^^^^^^^^^^^^^^^^^^
  File "/home/user/ckwan1/.conda/envs/d3m/lib/python3.12/multiprocessing/connection.py", line 216, in recv_bytes
    buf = self._recv_bytes(maxlength)
          ^^^^^^^^^^^^^^^^^^^^^^^^^^^
  File "/home/user/ckwan1/.conda/envs/d3m/lib/python3.12/multiprocessing/connection.py", line 430, in _recv_bytes
    buf = self._recv(4)
          ^^^^^^^^^^^^^
  File "/home/user/ckwan1/.conda/envs/d3m/lib/python3.12/multiprocessing/connection.py", line 395, in _recv
    chunk = read(handle, remaining)
            ^^^^^^^^^^^^^^^^^^^^^^^
ConnectionResetError: [Errno 104] Connection reset by peer
Traceback (most recent call last):
  File "/home/user/ckwan1/ml/trainer.py", line 104, in <module>
    main()
  File "/home/user/ckwan1/ml/trainer.py", line 98, in main
    trainer.fit(model, datamodule=data_module)
  File "/home/user/ckwan1/.conda/envs/d3m/lib/python3.12/site-packages/lightning/pytorch/trainer/trainer.py", line 538, in fit
    call._call_and_handle_interrupt(
  File "/home/user/ckwan1/.conda/envs/d3m/lib/python3.12/site-packages/lightning/pytorch/trainer/call.py", line 47, in _call_and_handle_interrupt
    return trainer_fn(*args, **kwargs)
           ^^^^^^^^^^^^^^^^^^^^^^^^^^^
  File "/home/user/ckwan1/.conda/envs/d3m/lib/python3.12/site-packages/lightning/pytorch/trainer/trainer.py", line 574, in _fit_impl
    self._run(model, ckpt_path=ckpt_path)
  File "/home/user/ckwan1/.conda/envs/d3m/lib/python3.12/site-packages/lightning/pytorch/trainer/trainer.py", line 981, in _run
    results = self._run_stage()
              ^^^^^^^^^^^^^^^^^
  File "/home/user/ckwan1/.conda/envs/d3m/lib/python3.12/site-packages/lightning/pytorch/trainer/trainer.py", line 1025, in _run_stage
    self.fit_loop.run()
  File "/home/user/ckwan1/.conda/envs/d3m/lib/python3.12/site-packages/lightning/pytorch/loops/fit_loop.py", line 205, in run
    self.advance()
  File "/home/user/ckwan1/.conda/envs/d3m/lib/python3.12/site-packages/lightning/pytorch/loops/fit_loop.py", line 363, in advance
    self.epoch_loop.run(self._data_fetcher)
  File "/home/user/ckwan1/.conda/envs/d3m/lib/python3.12/site-packages/lightning/pytorch/loops/training_epoch_loop.py", line 140, in run
    self.advance(data_fetcher)
  File "/home/user/ckwan1/.conda/envs/d3m/lib/python3.12/site-packages/lightning/pytorch/loops/training_epoch_loop.py", line 250, in advance
    batch_output = self.automatic_optimization.run(trainer.optimizers[0], batch_idx, kwargs)
                   ^^^^^^^^^^^^^^^^^^^^^^^^^^^^^^^^^^^^^^^^^^^^^^^^^^^^^^^^^^^^^^^^^^^^^^^^^
  File "/home/user/ckwan1/.conda/envs/d3m/lib/python3.12/site-packages/lightning/pytorch/loops/optimization/automatic.py", line 190, in run
    self._optimizer_step(batch_idx, closure)
  File "/home/user/ckwan1/.conda/envs/d3m/lib/python3.12/site-packages/lightning/pytorch/loops/optimization/automatic.py", line 268, in _optimizer_step
    call._call_lightning_module_hook(
  File "/home/user/ckwan1/.conda/envs/d3m/lib/python3.12/site-packages/lightning/pytorch/trainer/call.py", line 167, in _call_lightning_module_hook
    output = fn(*args, **kwargs)
             ^^^^^^^^^^^^^^^^^^^
  File "/home/user/ckwan1/.conda/envs/d3m/lib/python3.12/site-packages/lightning/pytorch/core/module.py", line 1306, in optimizer_step
    optimizer.step(closure=optimizer_closure)
  File "/home/user/ckwan1/.conda/envs/d3m/lib/python3.12/site-packages/lightning/pytorch/core/optimizer.py", line 153, in step
    step_output = self._strategy.optimizer_step(self._optimizer, closure, **kwargs)
                  ^^^^^^^^^^^^^^^^^^^^^^^^^^^^^^^^^^^^^^^^^^^^^^^^^^^^^^^^^^^^^^^^^
  File "/home/user/ckwan1/.conda/envs/d3m/lib/python3.12/site-packages/lightning/pytorch/strategies/strategy.py", line 238, in optimizer_step
    return self.precision_plugin.optimizer_step(optimizer, model=model, closure=closure, **kwargs)
           ^^^^^^^^^^^^^^^^^^^^^^^^^^^^^^^^^^^^^^^^^^^^^^^^^^^^^^^^^^^^^^^^^^^^^^^^^^^^^^^^^^^^^^^
  File "/home/user/ckwan1/.conda/envs/d3m/lib/python3.12/site-packages/lightning/pytorch/plugins/precision/precision.py", line 122, in optimizer_step
    return optimizer.step(closure=closure, **kwargs)
           ^^^^^^^^^^^^^^^^^^^^^^^^^^^^^^^^^^^^^^^^^
  File "/home/user/ckwan1/.conda/envs/d3m/lib/python3.12/site-packages/torch/optim/optimizer.py", line 487, in wrapper
    out = func(*args, **kwargs)
          ^^^^^^^^^^^^^^^^^^^^^
  File "/home/user/ckwan1/.conda/envs/d3m/lib/python3.12/site-packages/torch/optim/optimizer.py", line 91, in _use_grad
    ret = func(self, *args, **kwargs)
          ^^^^^^^^^^^^^^^^^^^^^^^^^^^
  File "/home/user/ckwan1/.conda/envs/d3m/lib/python3.12/site-packages/torch/optim/adam.py", line 202, in step
    loss = closure()
           ^^^^^^^^^
  File "/home/user/ckwan1/.conda/envs/d3m/lib/python3.12/site-packages/lightning/pytorch/plugins/precision/precision.py", line 108, in _wrap_closure
    closure_result = closure()
                     ^^^^^^^^^
  File "/home/user/ckwan1/.conda/envs/d3m/lib/python3.12/site-packages/lightning/pytorch/loops/optimization/automatic.py", line 144, in __call__
    self._result = self.closure(*args, **kwargs)
                   ^^^^^^^^^^^^^^^^^^^^^^^^^^^^^
  File "/home/user/ckwan1/.conda/envs/d3m/lib/python3.12/site-packages/torch/utils/_contextlib.py", line 116, in decorate_context
    return func(*args, **kwargs)
           ^^^^^^^^^^^^^^^^^^^^^
  File "/home/user/ckwan1/.conda/envs/d3m/lib/python3.12/site-packages/lightning/pytorch/loops/optimization/automatic.py", line 129, in closure
    step_output = self._step_fn()
                  ^^^^^^^^^^^^^^^
  File "/home/user/ckwan1/.conda/envs/d3m/lib/python3.12/site-packages/lightning/pytorch/loops/optimization/automatic.py", line 317, in _training_step
    training_step_output = call._call_strategy_hook(trainer, "training_step", *kwargs.values())
                           ^^^^^^^^^^^^^^^^^^^^^^^^^^^^^^^^^^^^^^^^^^^^^^^^^^^^^^^^^^^^^^^^^^^^
  File "/home/user/ckwan1/.conda/envs/d3m/lib/python3.12/site-packages/lightning/pytorch/trainer/call.py", line 319, in _call_strategy_hook
    output = fn(*args, **kwargs)
             ^^^^^^^^^^^^^^^^^^^
  File "/home/user/ckwan1/.conda/envs/d3m/lib/python3.12/site-packages/lightning/pytorch/strategies/strategy.py", line 390, in training_step
    return self.lightning_module.training_step(*args, **kwargs)
           ^^^^^^^^^^^^^^^^^^^^^^^^^^^^^^^^^^^^^^^^^^^^^^^^^^^^
  File "/home/user/ckwan1/ml/model.py", line 169, in training_step
    y_hat = self(x)
            ^^^^^^^
  File "/home/user/ckwan1/.conda/envs/d3m/lib/python3.12/site-packages/torch/nn/modules/module.py", line 1736, in _wrapped_call_impl
    return self._call_impl(*args, **kwargs)
           ^^^^^^^^^^^^^^^^^^^^^^^^^^^^^^^^
  File "/home/user/ckwan1/.conda/envs/d3m/lib/python3.12/site-packages/torch/nn/modules/module.py", line 1747, in _call_impl
    return forward_call(*args, **kwargs)
           ^^^^^^^^^^^^^^^^^^^^^^^^^^^^^
  File "/home/user/ckwan1/ml/model.py", line 165, in forward
    return self.model(x)
           ^^^^^^^^^^^^^
  File "/home/user/ckwan1/.conda/envs/d3m/lib/python3.12/site-packages/torch/nn/modules/module.py", line 1736, in _wrapped_call_impl
    return self._call_impl(*args, **kwargs)
           ^^^^^^^^^^^^^^^^^^^^^^^^^^^^^^^^
  File "/home/user/ckwan1/.conda/envs/d3m/lib/python3.12/site-packages/torch/nn/modules/module.py", line 1747, in _call_impl
    return forward_call(*args, **kwargs)
           ^^^^^^^^^^^^^^^^^^^^^^^^^^^^^
  File "/home/user/ckwan1/ml/model.py", line 62, in forward
    x = self.layer6(x)
        ^^^^^^^^^^^^^^
  File "/home/user/ckwan1/.conda/envs/d3m/lib/python3.12/site-packages/torch/nn/modules/module.py", line 1736, in _wrapped_call_impl
    return self._call_impl(*args, **kwargs)
           ^^^^^^^^^^^^^^^^^^^^^^^^^^^^^^^^
  File "/home/user/ckwan1/.conda/envs/d3m/lib/python3.12/site-packages/torch/nn/modules/module.py", line 1747, in _call_impl
    return forward_call(*args, **kwargs)
           ^^^^^^^^^^^^^^^^^^^^^^^^^^^^^
  File "/home/user/ckwan1/.conda/envs/d3m/lib/python3.12/site-packages/torch/nn/modules/container.py", line 250, in forward
    input = module(input)
            ^^^^^^^^^^^^^
  File "/home/user/ckwan1/.conda/envs/d3m/lib/python3.12/site-packages/torch/nn/modules/module.py", line 1736, in _wrapped_call_impl
    return self._call_impl(*args, **kwargs)
           ^^^^^^^^^^^^^^^^^^^^^^^^^^^^^^^^
  File "/home/user/ckwan1/.conda/envs/d3m/lib/python3.12/site-packages/torch/nn/modules/module.py", line 1747, in _call_impl
    return forward_call(*args, **kwargs)
           ^^^^^^^^^^^^^^^^^^^^^^^^^^^^^
  File "/home/user/ckwan1/ml/model.py", line 24, in forward
    out = self.conv1(x)
          ^^^^^^^^^^^^^
  File "/home/user/ckwan1/.conda/envs/d3m/lib/python3.12/site-packages/torch/nn/modules/module.py", line 1736, in _wrapped_call_impl
    return self._call_impl(*args, **kwargs)
           ^^^^^^^^^^^^^^^^^^^^^^^^^^^^^^^^
  File "/home/user/ckwan1/.conda/envs/d3m/lib/python3.12/site-packages/torch/nn/modules/module.py", line 1747, in _call_impl
    return forward_call(*args, **kwargs)
           ^^^^^^^^^^^^^^^^^^^^^^^^^^^^^
  File "/home/user/ckwan1/.conda/envs/d3m/lib/python3.12/site-packages/torch/nn/modules/conv.py", line 725, in forward
    return self._conv_forward(input, self.weight, self.bias)
           ^^^^^^^^^^^^^^^^^^^^^^^^^^^^^^^^^^^^^^^^^^^^^^^^^
  File "/home/user/ckwan1/.conda/envs/d3m/lib/python3.12/site-packages/torch/nn/modules/conv.py", line 720, in _conv_forward
    return F.conv3d(
           ^^^^^^^^^
  File "/home/user/ckwan1/.conda/envs/d3m/lib/python3.12/site-packages/torch/utils/data/_utils/signal_handling.py", line 73, in handler
    _error_if_any_worker_fails()
RuntimeError: DataLoader worker (pid 238917) is killed by signal: Aborted. 
Sanity Checking: |          | 0/? [00:00<?, ?it/s]Sanity Checking:   0%|          | 0/2 [00:00<?, ?it/s]Sanity Checking DataLoader 0:   0%|          | 0/2 [00:00<?, ?it/s]Sanity Checking DataLoader 0:  50%|█████     | 1/2 [00:06<00:06,  0.16it/s]Sanity Checking DataLoader 0: 100%|██████████| 2/2 [00:06<00:00,  0.29it/s]                                                                           Training: |          | 0/? [00:00<?, ?it/s]Training:   0%|          | 0/31 [00:00<?, ?it/s]Epoch 0:   0%|          | 0/31 [00:00<?, ?it/s] [1;34mwandb[0m: 🚀 View run [33muncanny-specter-66[0m at: [34mhttps://wandb.ai/brianwan221-the-chinese-university-of-hong-kong/fyp/runs/iumgpgj7[0m
[1;34mwandb[0m: Find logs at: [1;35m../../../../tmp/wandb/run-20241031_142756-iumgpgj7/logs[0m
srun: error: a8: task 0: Exited with exit code 1
